{"/Users/n/code/node-ip/lib/ip.js":{"path":"/Users/n/code/node-ip/lib/ip.js","s":{"1":1,"2":1,"3":43,"4":43,"5":43,"6":27,"7":27,"8":108,"9":16,"10":16,"11":16,"12":0,"13":0,"14":16,"15":0,"16":0,"17":16,"18":77,"19":16,"20":16,"21":128,"22":128,"23":128,"24":0,"25":43,"26":1,"27":26,"28":26,"29":26,"30":26,"31":13,"32":52,"33":13,"34":13,"35":13,"36":104,"37":13,"38":13,"39":13,"40":26,"41":1,"42":6,"43":2,"44":4,"45":6,"46":6,"47":3,"48":6,"49":6,"50":60,"51":60,"52":33,"53":60,"54":60,"55":6,"56":1,"57":8,"58":8,"59":8,"60":8,"61":7,"62":40,"63":1,"64":0,"65":0,"66":1,"67":10,"68":1,"69":1,"70":1,"71":4,"72":8,"73":1,"74":2,"75":2,"76":0,"77":2,"78":2,"79":2,"80":1,"81":4,"82":4,"83":4,"84":4,"85":16,"86":13,"87":3,"88":3,"89":11,"90":11,"91":4,"92":4,"93":1,"94":1,"95":1,"96":0,"97":1,"98":1,"99":1,"100":1,"101":1,"102":1,"103":4,"104":1,"105":1,"106":3,"107":3,"108":3,"109":2,"110":20,"111":2,"112":1,"113":1,"114":1,"115":1,"116":1,"117":1,"118":1,"119":4,"120":1,"121":1,"122":4,"123":4,"124":4,"125":0,"126":0,"127":0,"128":0,"129":4,"130":0,"131":0,"132":0,"133":4,"134":40,"135":0,"136":4,"137":4,"138":1,"139":3,"140":12,"141":1,"142":2,"143":1,"144":31,"145":1,"146":0,"147":1,"148":18,"149":1,"150":3,"151":3,"152":0,"153":3,"154":1,"155":16,"156":16,"157":16,"158":12,"159":21,"160":21,"161":4,"162":16,"163":28,"164":28,"165":20,"166":8,"167":2,"168":6,"169":16,"170":4,"171":1,"172":6,"173":6,"174":24,"175":24,"176":6,"177":1,"178":18,"179":1,"180":23},"b":{"1":[27,16],"2":[27,26],"3":[16,0],"4":[16,10],"5":[16,3],"6":[0,16],"7":[0,16],"8":[16,13],"9":[26,22],"10":[13,13],"11":[13,0],"12":[2,4],"13":[3,3],"14":[33,27],"15":[7,1],"16":[0,1],"17":[0,2],"18":[13,3],"19":[2,2],"20":[2,2],"21":[2,2],"22":[0,1],"23":[2,1],"24":[1,0],"25":[0,4],"26":[0,0],"27":[0,4],"28":[0,40],"29":[1,3],"30":[4,2],"31":[1,11],"32":[31,29,20,17,16,14,14,9,8],"33":[18,14,12,10],"34":[0,3],"35":[3,1],"36":[2,1],"37":[12,4],"38":[16,15],"39":[20,8],"40":[28,13],"41":[2,6],"42":[0,6],"43":[8,8],"44":[0,4],"45":[13,10]},"f":{"1":43,"2":108,"3":128,"4":26,"5":6,"6":8,"7":2,"8":4,"9":1,"10":1,"11":3,"12":4,"13":31,"14":0,"15":18,"16":3,"17":16,"18":21,"19":16,"20":28,"21":6,"22":24,"23":18,"24":23},"fnMap":{"1":{"name":"toBuffer","line":5,"loc":{"start":{"line":5,"column":14},"end":{"line":5,"column":50}}},"2":{"name":"(anonymous_2)","line":12,"loc":{"start":{"line":12,"column":24},"end":{"line":12,"column":39}}},"3":{"name":"(anonymous_3)","line":32,"loc":{"start":{"line":32,"column":26},"end":{"line":32,"column":41}}},"4":{"name":"toString","line":44,"loc":{"start":{"line":44,"column":14},"end":{"line":44,"column":54}}},"5":{"name":"fromPrefixLen","line":68,"loc":{"start":{"line":68,"column":19},"end":{"line":68,"column":61}}},"6":{"name":"mask","line":94,"loc":{"start":{"line":94,"column":10},"end":{"line":94,"column":36}}},"7":{"name":"cidr","line":128,"loc":{"start":{"line":128,"column":10},"end":{"line":128,"column":36}}},"8":{"name":"subnet","line":140,"loc":{"start":{"line":140,"column":12},"end":{"line":140,"column":40}}},"9":{"name":"cidrSubnet","line":178,"loc":{"start":{"line":178,"column":16},"end":{"line":178,"column":48}}},"10":{"name":"not","line":190,"loc":{"start":{"line":190,"column":9},"end":{"line":190,"column":28}}},"11":{"name":"or","line":198,"loc":{"start":{"line":198,"column":8},"end":{"line":198,"column":26}}},"12":{"name":"isEqual","line":227,"loc":{"start":{"line":227,"column":13},"end":{"line":227,"column":36}}},"13":{"name":"isPrivate","line":261,"loc":{"start":{"line":261,"column":15},"end":{"line":261,"column":40}}},"14":{"name":"isPublic","line":272,"loc":{"start":{"line":272,"column":14},"end":{"line":272,"column":38}}},"15":{"name":"isLoopback","line":276,"loc":{"start":{"line":276,"column":16},"end":{"line":276,"column":42}}},"16":{"name":"loopback","line":283,"loc":{"start":{"line":283,"column":14},"end":{"line":283,"column":40}}},"17":{"name":"address","line":313,"loc":{"start":{"line":313,"column":13},"end":{"line":313,"column":44}}},"18":{"name":"(anonymous_18)","line":327,"loc":{"start":{"line":327,"column":35},"end":{"line":327,"column":54}}},"19":{"name":"(anonymous_19)","line":333,"loc":{"start":{"line":333,"column":40},"end":{"line":333,"column":55}}},"20":{"name":"(anonymous_20)","line":338,"loc":{"start":{"line":338,"column":43},"end":{"line":338,"column":62}}},"21":{"name":"toInt","line":362,"loc":{"start":{"line":362,"column":12},"end":{"line":362,"column":30}}},"22":{"name":"(anonymous_22)","line":364,"loc":{"start":{"line":364,"column":24},"end":{"line":364,"column":42}}},"23":{"name":"fromInt","line":371,"loc":{"start":{"line":371,"column":14},"end":{"line":371,"column":35}}},"24":{"name":"_normalizeFamily","line":378,"loc":{"start":{"line":378,"column":0},"end":{"line":378,"column":34}}}},"statementMap":{"1":{"start":{"line":1,"column":0},"end":{"line":3,"column":23}},"2":{"start":{"line":5,"column":0},"end":{"line":42,"column":2}},"3":{"start":{"line":6,"column":2},"end":{"line":6,"column":20}},"4":{"start":{"line":8,"column":2},"end":{"line":8,"column":13}},"5":{"start":{"line":10,"column":2},"end":{"line":39,"column":3}},"6":{"start":{"line":11,"column":4},"end":{"line":11,"column":44}},"7":{"start":{"line":12,"column":4},"end":{"line":14,"column":7}},"8":{"start":{"line":13,"column":6},"end":{"line":13,"column":51}},"9":{"start":{"line":15,"column":9},"end":{"line":39,"column":3}},"10":{"start":{"line":16,"column":4},"end":{"line":18,"column":43}},"11":{"start":{"line":20,"column":4},"end":{"line":29,"column":5}},"12":{"start":{"line":22,"column":6},"end":{"line":22,"column":48}},"13":{"start":{"line":22,"column":30},"end":{"line":22,"column":48}},"14":{"start":{"line":23,"column":11},"end":{"line":29,"column":5}},"15":{"start":{"line":25,"column":6},"end":{"line":25,"column":51}},"16":{"start":{"line":25,"column":30},"end":{"line":25,"column":51}},"17":{"start":{"line":28,"column":6},"end":{"line":28,"column":62}},"18":{"start":{"line":28,"column":44},"end":{"line":28,"column":62}},"19":{"start":{"line":31,"column":4},"end":{"line":31,"column":45}},"20":{"start":{"line":32,"column":4},"end":{"line":36,"column":7}},"21":{"start":{"line":33,"column":6},"end":{"line":33,"column":32}},"22":{"start":{"line":34,"column":6},"end":{"line":34,"column":44}},"23":{"start":{"line":35,"column":6},"end":{"line":35,"column":37}},"24":{"start":{"line":38,"column":4},"end":{"line":38,"column":45}},"25":{"start":{"line":41,"column":2},"end":{"line":41,"column":16}},"26":{"start":{"line":44,"column":0},"end":{"line":66,"column":2}},"27":{"start":{"line":45,"column":2},"end":{"line":45,"column":20}},"28":{"start":{"line":46,"column":2},"end":{"line":46,"column":44}},"29":{"start":{"line":48,"column":2},"end":{"line":48,"column":18}},"30":{"start":{"line":49,"column":2},"end":{"line":63,"column":3}},"31":{"start":{"line":51,"column":4},"end":{"line":53,"column":5}},"32":{"start":{"line":52,"column":6},"end":{"line":52,"column":36}},"33":{"start":{"line":54,"column":4},"end":{"line":54,"column":30}},"34":{"start":{"line":55,"column":9},"end":{"line":63,"column":3}},"35":{"start":{"line":57,"column":4},"end":{"line":59,"column":5}},"36":{"start":{"line":58,"column":6},"end":{"line":58,"column":62}},"37":{"start":{"line":60,"column":4},"end":{"line":60,"column":30}},"38":{"start":{"line":61,"column":4},"end":{"line":61,"column":60}},"39":{"start":{"line":62,"column":4},"end":{"line":62,"column":44}},"40":{"start":{"line":65,"column":2},"end":{"line":65,"column":16}},"41":{"start":{"line":68,"column":0},"end":{"line":92,"column":2}},"42":{"start":{"line":69,"column":2},"end":{"line":73,"column":3}},"43":{"start":{"line":70,"column":4},"end":{"line":70,"column":20}},"44":{"start":{"line":72,"column":4},"end":{"line":72,"column":38}},"45":{"start":{"line":75,"column":2},"end":{"line":75,"column":14}},"46":{"start":{"line":76,"column":2},"end":{"line":78,"column":3}},"47":{"start":{"line":77,"column":4},"end":{"line":77,"column":13}},"48":{"start":{"line":79,"column":2},"end":{"line":79,"column":29}},"49":{"start":{"line":81,"column":2},"end":{"line":89,"column":3}},"50":{"start":{"line":82,"column":4},"end":{"line":82,"column":17}},"51":{"start":{"line":83,"column":4},"end":{"line":85,"column":5}},"52":{"start":{"line":84,"column":6},"end":{"line":84,"column":23}},"53":{"start":{"line":86,"column":4},"end":{"line":86,"column":22}},"54":{"start":{"line":88,"column":4},"end":{"line":88,"column":30}},"55":{"start":{"line":91,"column":2},"end":{"line":91,"column":27}},"56":{"start":{"line":94,"column":0},"end":{"line":126,"column":2}},"57":{"start":{"line":95,"column":2},"end":{"line":95,"column":27}},"58":{"start":{"line":96,"column":2},"end":{"line":96,"column":27}},"59":{"start":{"line":98,"column":2},"end":{"line":98,"column":62}},"60":{"start":{"line":101,"column":2},"end":{"line":123,"column":3}},"61":{"start":{"line":102,"column":4},"end":{"line":104,"column":5}},"62":{"start":{"line":103,"column":6},"end":{"line":103,"column":36}},"63":{"start":{"line":105,"column":9},"end":{"line":123,"column":3}},"64":{"start":{"line":108,"column":4},"end":{"line":110,"column":5}},"65":{"start":{"line":109,"column":6},"end":{"line":109,"column":55}},"66":{"start":{"line":113,"column":4},"end":{"line":115,"column":5}},"67":{"start":{"line":114,"column":6},"end":{"line":114,"column":20}},"68":{"start":{"line":118,"column":4},"end":{"line":118,"column":22}},"69":{"start":{"line":119,"column":4},"end":{"line":119,"column":22}},"70":{"start":{"line":120,"column":4},"end":{"line":122,"column":5}},"71":{"start":{"line":121,"column":6},"end":{"line":121,"column":46}},"72":{"start":{"line":125,"column":2},"end":{"line":125,"column":29}},"73":{"start":{"line":128,"column":0},"end":{"line":138,"column":1}},"74":{"start":{"line":129,"column":2},"end":{"line":129,"column":40}},"75":{"start":{"line":131,"column":2},"end":{"line":132,"column":52}},"76":{"start":{"line":132,"column":4},"end":{"line":132,"column":52}},"77":{"start":{"line":134,"column":2},"end":{"line":134,"column":26}},"78":{"start":{"line":135,"column":2},"end":{"line":135,"column":58}},"79":{"start":{"line":137,"column":2},"end":{"line":137,"column":29}},"80":{"start":{"line":140,"column":0},"end":{"line":176,"column":1}},"81":{"start":{"line":141,"column":2},"end":{"line":141,"column":54}},"82":{"start":{"line":144,"column":2},"end":{"line":144,"column":37}},"83":{"start":{"line":145,"column":2},"end":{"line":145,"column":21}},"84":{"start":{"line":147,"column":2},"end":{"line":157,"column":3}},"85":{"start":{"line":148,"column":4},"end":{"line":156,"column":5}},"86":{"start":{"line":149,"column":6},"end":{"line":149,"column":22}},"87":{"start":{"line":151,"column":6},"end":{"line":151,"column":39}},"88":{"start":{"line":152,"column":6},"end":{"line":155,"column":7}},"89":{"start":{"line":153,"column":8},"end":{"line":153,"column":36}},"90":{"start":{"line":154,"column":8},"end":{"line":154,"column":21}},"91":{"start":{"line":159,"column":2},"end":{"line":159,"column":55}},"92":{"start":{"line":161,"column":2},"end":{"line":175,"column":4}},"93":{"start":{"line":178,"column":0},"end":{"line":188,"column":1}},"94":{"start":{"line":179,"column":2},"end":{"line":179,"column":40}},"95":{"start":{"line":181,"column":2},"end":{"line":182,"column":52}},"96":{"start":{"line":182,"column":4},"end":{"line":182,"column":52}},"97":{"start":{"line":184,"column":2},"end":{"line":184,"column":26}},"98":{"start":{"line":185,"column":2},"end":{"line":185,"column":58}},"99":{"start":{"line":187,"column":2},"end":{"line":187,"column":31}},"100":{"start":{"line":190,"column":0},"end":{"line":196,"column":2}},"101":{"start":{"line":191,"column":2},"end":{"line":191,"column":31}},"102":{"start":{"line":192,"column":2},"end":{"line":194,"column":3}},"103":{"start":{"line":193,"column":4},"end":{"line":193,"column":29}},"104":{"start":{"line":195,"column":2},"end":{"line":195,"column":27}},"105":{"start":{"line":198,"column":0},"end":{"line":225,"column":2}},"106":{"start":{"line":199,"column":2},"end":{"line":199,"column":21}},"107":{"start":{"line":200,"column":2},"end":{"line":200,"column":21}},"108":{"start":{"line":203,"column":2},"end":{"line":224,"column":3}},"109":{"start":{"line":204,"column":4},"end":{"line":206,"column":5}},"110":{"start":{"line":205,"column":6},"end":{"line":205,"column":19}},"111":{"start":{"line":207,"column":4},"end":{"line":207,"column":26}},"112":{"start":{"line":211,"column":4},"end":{"line":211,"column":17}},"113":{"start":{"line":212,"column":4},"end":{"line":212,"column":18}},"114":{"start":{"line":213,"column":4},"end":{"line":216,"column":5}},"115":{"start":{"line":214,"column":6},"end":{"line":214,"column":15}},"116":{"start":{"line":215,"column":6},"end":{"line":215,"column":16}},"117":{"start":{"line":218,"column":4},"end":{"line":218,"column":44}},"118":{"start":{"line":219,"column":4},"end":{"line":221,"column":5}},"119":{"start":{"line":220,"column":6},"end":{"line":220,"column":35}},"120":{"start":{"line":223,"column":4},"end":{"line":223,"column":29}},"121":{"start":{"line":227,"column":0},"end":{"line":259,"column":2}},"122":{"start":{"line":228,"column":2},"end":{"line":228,"column":21}},"123":{"start":{"line":229,"column":2},"end":{"line":229,"column":21}},"124":{"start":{"line":232,"column":2},"end":{"line":237,"column":3}},"125":{"start":{"line":233,"column":4},"end":{"line":235,"column":5}},"126":{"start":{"line":234,"column":6},"end":{"line":234,"column":38}},"127":{"start":{"line":234,"column":25},"end":{"line":234,"column":38}},"128":{"start":{"line":236,"column":4},"end":{"line":236,"column":16}},"129":{"start":{"line":240,"column":2},"end":{"line":244,"column":3}},"130":{"start":{"line":241,"column":4},"end":{"line":241,"column":14}},"131":{"start":{"line":242,"column":4},"end":{"line":242,"column":10}},"132":{"start":{"line":243,"column":4},"end":{"line":243,"column":10}},"133":{"start":{"line":247,"column":2},"end":{"line":249,"column":3}},"134":{"start":{"line":248,"column":4},"end":{"line":248,"column":33}},"135":{"start":{"line":248,"column":20},"end":{"line":248,"column":33}},"136":{"start":{"line":251,"column":2},"end":{"line":251,"column":32}},"137":{"start":{"line":252,"column":2},"end":{"line":252,"column":50}},"138":{"start":{"line":252,"column":37},"end":{"line":252,"column":50}},"139":{"start":{"line":254,"column":2},"end":{"line":256,"column":3}},"140":{"start":{"line":255,"column":4},"end":{"line":255,"column":41}},"141":{"start":{"line":255,"column":28},"end":{"line":255,"column":41}},"142":{"start":{"line":258,"column":2},"end":{"line":258,"column":14}},"143":{"start":{"line":261,"column":0},"end":{"line":270,"column":2}},"144":{"start":{"line":262,"column":2},"end":{"line":269,"column":62}},"145":{"start":{"line":272,"column":0},"end":{"line":274,"column":1}},"146":{"start":{"line":273,"column":2},"end":{"line":273,"column":29}},"147":{"start":{"line":276,"column":0},"end":{"line":281,"column":2}},"148":{"start":{"line":277,"column":2},"end":{"line":280,"column":25}},"149":{"start":{"line":283,"column":0},"end":{"line":296,"column":2}},"150":{"start":{"line":287,"column":2},"end":{"line":287,"column":36}},"151":{"start":{"line":289,"column":2},"end":{"line":291,"column":3}},"152":{"start":{"line":290,"column":4},"end":{"line":290,"column":51}},"153":{"start":{"line":293,"column":2},"end":{"line":295,"column":16}},"154":{"start":{"line":313,"column":0},"end":{"line":360,"column":2}},"155":{"start":{"line":314,"column":2},"end":{"line":315,"column":10}},"156":{"start":{"line":320,"column":2},"end":{"line":320,"column":36}},"157":{"start":{"line":326,"column":2},"end":{"line":331,"column":3}},"158":{"start":{"line":327,"column":4},"end":{"line":330,"column":18}},"159":{"start":{"line":328,"column":6},"end":{"line":328,"column":52}},"160":{"start":{"line":329,"column":6},"end":{"line":329,"column":39}},"161":{"start":{"line":333,"column":2},"end":{"line":355,"column":21}},"162":{"start":{"line":338,"column":4},"end":{"line":350,"column":7}},"163":{"start":{"line":339,"column":6},"end":{"line":339,"column":52}},"164":{"start":{"line":340,"column":6},"end":{"line":345,"column":7}},"165":{"start":{"line":341,"column":8},"end":{"line":341,"column":21}},"166":{"start":{"line":343,"column":11},"end":{"line":345,"column":7}},"167":{"start":{"line":344,"column":8},"end":{"line":344,"column":20}},"168":{"start":{"line":347,"column":6},"end":{"line":349,"column":39}},"169":{"start":{"line":352,"column":4},"end":{"line":354,"column":18}},"170":{"start":{"line":357,"column":2},"end":{"line":359,"column":13}},"171":{"start":{"line":362,"column":0},"end":{"line":369,"column":2}},"172":{"start":{"line":363,"column":2},"end":{"line":363,"column":12}},"173":{"start":{"line":364,"column":2},"end":{"line":367,"column":5}},"174":{"start":{"line":365,"column":6},"end":{"line":365,"column":14}},"175":{"start":{"line":366,"column":6},"end":{"line":366,"column":27}},"176":{"start":{"line":368,"column":2},"end":{"line":368,"column":19}},"177":{"start":{"line":371,"column":0},"end":{"line":376,"column":2}},"178":{"start":{"line":372,"column":2},"end":{"line":375,"column":20}},"179":{"start":{"line":378,"column":0},"end":{"line":380,"column":1}},"180":{"start":{"line":379,"column":2},"end":{"line":379,"column":48}}},"branchMap":{"1":{"line":10,"type":"if","locations":[{"start":{"line":10,"column":2},"end":{"line":10,"column":2}},{"start":{"line":10,"column":2},"end":{"line":10,"column":2}}]},"2":{"line":11,"type":"binary-expr","locations":[{"start":{"line":11,"column":13},"end":{"line":11,"column":17}},{"start":{"line":11,"column":21},"end":{"line":11,"column":43}}]},"3":{"line":15,"type":"if","locations":[{"start":{"line":15,"column":9},"end":{"line":15,"column":9}},{"start":{"line":15,"column":9},"end":{"line":15,"column":9}}]},"4":{"line":17,"type":"binary-expr","locations":[{"start":{"line":17,"column":16},"end":{"line":17,"column":20}},{"start":{"line":17,"column":24},"end":{"line":17,"column":26}}]},"5":{"line":18,"type":"binary-expr","locations":[{"start":{"line":18,"column":16},"end":{"line":18,"column":20}},{"start":{"line":18,"column":24},"end":{"line":18,"column":26}}]},"6":{"line":20,"type":"if","locations":[{"start":{"line":20,"column":4},"end":{"line":20,"column":4}},{"start":{"line":20,"column":4},"end":{"line":20,"column":4}}]},"7":{"line":23,"type":"if","locations":[{"start":{"line":23,"column":11},"end":{"line":23,"column":11}},{"start":{"line":23,"column":11},"end":{"line":23,"column":11}}]},"8":{"line":31,"type":"binary-expr","locations":[{"start":{"line":31,"column":13},"end":{"line":31,"column":17}},{"start":{"line":31,"column":21},"end":{"line":31,"column":44}}]},"9":{"line":46,"type":"binary-expr","locations":[{"start":{"line":46,"column":11},"end":{"line":46,"column":17}},{"start":{"line":46,"column":22},"end":{"line":46,"column":42}}]},"10":{"line":49,"type":"if","locations":[{"start":{"line":49,"column":2},"end":{"line":49,"column":2}},{"start":{"line":49,"column":2},"end":{"line":49,"column":2}}]},"11":{"line":55,"type":"if","locations":[{"start":{"line":55,"column":9},"end":{"line":55,"column":9}},{"start":{"line":55,"column":9},"end":{"line":55,"column":9}}]},"12":{"line":69,"type":"if","locations":[{"start":{"line":69,"column":2},"end":{"line":69,"column":2}},{"start":{"line":69,"column":2},"end":{"line":69,"column":2}}]},"13":{"line":76,"type":"if","locations":[{"start":{"line":76,"column":2},"end":{"line":76,"column":2}},{"start":{"line":76,"column":2},"end":{"line":76,"column":2}}]},"14":{"line":83,"type":"if","locations":[{"start":{"line":83,"column":4},"end":{"line":83,"column":4}},{"start":{"line":83,"column":4},"end":{"line":83,"column":4}}]},"15":{"line":101,"type":"if","locations":[{"start":{"line":101,"column":2},"end":{"line":101,"column":2}},{"start":{"line":101,"column":2},"end":{"line":101,"column":2}}]},"16":{"line":105,"type":"if","locations":[{"start":{"line":105,"column":9},"end":{"line":105,"column":9}},{"start":{"line":105,"column":9},"end":{"line":105,"column":9}}]},"17":{"line":131,"type":"if","locations":[{"start":{"line":131,"column":2},"end":{"line":131,"column":2}},{"start":{"line":131,"column":2},"end":{"line":131,"column":2}}]},"18":{"line":148,"type":"if","locations":[{"start":{"line":148,"column":4},"end":{"line":148,"column":4}},{"start":{"line":148,"column":4},"end":{"line":148,"column":4}}]},"19":{"line":163,"type":"cond-expr","locations":[{"start":{"line":164,"column":20},"end":{"line":164,"column":47}},{"start":{"line":165,"column":20},"end":{"line":165,"column":51}}]},"20":{"line":166,"type":"cond-expr","locations":[{"start":{"line":167,"column":20},"end":{"line":167,"column":71}},{"start":{"line":168,"column":20},"end":{"line":168,"column":71}}]},"21":{"line":172,"type":"cond-expr","locations":[{"start":{"line":173,"column":16},"end":{"line":173,"column":33}},{"start":{"line":173,"column":36},"end":{"line":173,"column":57}}]},"22":{"line":181,"type":"if","locations":[{"start":{"line":181,"column":2},"end":{"line":181,"column":2}},{"start":{"line":181,"column":2},"end":{"line":181,"column":2}}]},"23":{"line":203,"type":"if","locations":[{"start":{"line":203,"column":2},"end":{"line":203,"column":2}},{"start":{"line":203,"column":2},"end":{"line":203,"column":2}}]},"24":{"line":213,"type":"if","locations":[{"start":{"line":213,"column":4},"end":{"line":213,"column":4}},{"start":{"line":213,"column":4},"end":{"line":213,"column":4}}]},"25":{"line":232,"type":"if","locations":[{"start":{"line":232,"column":2},"end":{"line":232,"column":2}},{"start":{"line":232,"column":2},"end":{"line":232,"column":2}}]},"26":{"line":234,"type":"if","locations":[{"start":{"line":234,"column":6},"end":{"line":234,"column":6}},{"start":{"line":234,"column":6},"end":{"line":234,"column":6}}]},"27":{"line":240,"type":"if","locations":[{"start":{"line":240,"column":2},"end":{"line":240,"column":2}},{"start":{"line":240,"column":2},"end":{"line":240,"column":2}}]},"28":{"line":248,"type":"if","locations":[{"start":{"line":248,"column":4},"end":{"line":248,"column":4}},{"start":{"line":248,"column":4},"end":{"line":248,"column":4}}]},"29":{"line":252,"type":"if","locations":[{"start":{"line":252,"column":2},"end":{"line":252,"column":2}},{"start":{"line":252,"column":2},"end":{"line":252,"column":2}}]},"30":{"line":252,"type":"binary-expr","locations":[{"start":{"line":252,"column":6},"end":{"line":252,"column":16}},{"start":{"line":252,"column":20},"end":{"line":252,"column":35}}]},"31":{"line":255,"type":"if","locations":[{"start":{"line":255,"column":4},"end":{"line":255,"column":4}},{"start":{"line":255,"column":4},"end":{"line":255,"column":4}}]},"32":{"line":262,"type":"binary-expr","locations":[{"start":{"line":262,"column":9},"end":{"line":262,"column":76}},{"start":{"line":263,"column":4},"end":{"line":263,"column":63}},{"start":{"line":264,"column":4},"end":{"line":265,"column":71}},{"start":{"line":266,"column":4},"end":{"line":266,"column":72}},{"start":{"line":267,"column":4},"end":{"line":267,"column":63}},{"start":{"line":268,"column":4},"end":{"line":268,"column":32}},{"start":{"line":268,"column":36},"end":{"line":268,"column":64}},{"start":{"line":269,"column":4},"end":{"line":269,"column":31}},{"start":{"line":269,"column":35},"end":{"line":269,"column":61}}]},"33":{"line":277,"type":"binary-expr","locations":[{"start":{"line":277,"column":9},"end":{"line":277,"column":36}},{"start":{"line":278,"column":7},"end":{"line":278,"column":29}},{"start":{"line":279,"column":7},"end":{"line":279,"column":25}},{"start":{"line":280,"column":7},"end":{"line":280,"column":24}}]},"34":{"line":289,"type":"if","locations":[{"start":{"line":289,"column":2},"end":{"line":289,"column":2}},{"start":{"line":289,"column":2},"end":{"line":289,"column":2}}]},"35":{"line":289,"type":"binary-expr","locations":[{"start":{"line":289,"column":6},"end":{"line":289,"column":23}},{"start":{"line":289,"column":27},"end":{"line":289,"column":44}}]},"36":{"line":293,"type":"cond-expr","locations":[{"start":{"line":294,"column":6},"end":{"line":294,"column":17}},{"start":{"line":295,"column":6},"end":{"line":295,"column":15}}]},"37":{"line":326,"type":"if","locations":[{"start":{"line":326,"column":2},"end":{"line":326,"column":2}},{"start":{"line":326,"column":2},"end":{"line":326,"column":2}}]},"38":{"line":326,"type":"binary-expr","locations":[{"start":{"line":326,"column":6},"end":{"line":326,"column":10}},{"start":{"line":326,"column":14},"end":{"line":326,"column":51}}]},"39":{"line":340,"type":"if","locations":[{"start":{"line":340,"column":6},"end":{"line":340,"column":6}},{"start":{"line":340,"column":6},"end":{"line":340,"column":6}}]},"40":{"line":340,"type":"binary-expr","locations":[{"start":{"line":340,"column":10},"end":{"line":340,"column":35}},{"start":{"line":340,"column":39},"end":{"line":340,"column":69}}]},"41":{"line":343,"type":"if","locations":[{"start":{"line":343,"column":11},"end":{"line":343,"column":11}},{"start":{"line":343,"column":11},"end":{"line":343,"column":11}}]},"42":{"line":347,"type":"cond-expr","locations":[{"start":{"line":348,"column":10},"end":{"line":348,"column":40}},{"start":{"line":349,"column":10},"end":{"line":349,"column":39}}]},"43":{"line":352,"type":"cond-expr","locations":[{"start":{"line":353,"column":8},"end":{"line":353,"column":28}},{"start":{"line":354,"column":8},"end":{"line":354,"column":17}}]},"44":{"line":357,"type":"cond-expr","locations":[{"start":{"line":358,"column":6},"end":{"line":358,"column":25}},{"start":{"line":359,"column":6},"end":{"line":359,"column":12}}]},"45":{"line":379,"type":"cond-expr","locations":[{"start":{"line":379,"column":18},"end":{"line":379,"column":38}},{"start":{"line":379,"column":41},"end":{"line":379,"column":47}}]}}}}