TN:
SF:/Users/n/code/node-ip/lib/ip.js
FN:5,toBuffer
FN:12,(anonymous_2)
FN:32,(anonymous_3)
FN:44,toString
FN:68,fromPrefixLen
FN:94,mask
FN:128,cidr
FN:140,subnet
FN:178,cidrSubnet
FN:190,not
FN:198,or
FN:227,isEqual
FN:261,isPrivate
FN:272,isPublic
FN:276,isLoopback
FN:283,loopback
FN:313,address
FN:327,(anonymous_18)
FN:333,(anonymous_19)
FN:338,(anonymous_20)
FN:362,toInt
FN:364,(anonymous_22)
FN:371,fromInt
FN:378,_normalizeFamily
FNF:24
FNH:23
FNDA:43,toBuffer
FNDA:108,(anonymous_2)
FNDA:128,(anonymous_3)
FNDA:26,toString
FNDA:6,fromPrefixLen
FNDA:8,mask
FNDA:2,cidr
FNDA:4,subnet
FNDA:1,cidrSubnet
FNDA:1,not
FNDA:3,or
FNDA:4,isEqual
FNDA:31,isPrivate
FNDA:0,isPublic
FNDA:18,isLoopback
FNDA:3,loopback
FNDA:16,address
FNDA:21,(anonymous_18)
FNDA:16,(anonymous_19)
FNDA:28,(anonymous_20)
FNDA:6,toInt
FNDA:24,(anonymous_22)
FNDA:18,fromInt
FNDA:23,_normalizeFamily
DA:1,1
DA:5,1
DA:6,43
DA:8,43
DA:10,43
DA:11,27
DA:12,27
DA:13,108
DA:15,16
DA:16,16
DA:20,16
DA:22,0
DA:23,16
DA:25,0
DA:28,77
DA:31,16
DA:32,16
DA:33,128
DA:34,128
DA:35,128
DA:38,0
DA:41,43
DA:44,1
DA:45,26
DA:46,26
DA:48,26
DA:49,26
DA:51,13
DA:52,52
DA:54,13
DA:55,13
DA:57,13
DA:58,104
DA:60,13
DA:61,13
DA:62,13
DA:65,26
DA:68,1
DA:69,6
DA:70,2
DA:72,4
DA:75,6
DA:76,6
DA:77,3
DA:79,6
DA:81,6
DA:82,60
DA:83,60
DA:84,33
DA:86,60
DA:88,60
DA:91,6
DA:94,1
DA:95,8
DA:96,8
DA:98,8
DA:101,8
DA:102,7
DA:103,40
DA:105,1
DA:108,0
DA:109,0
DA:113,1
DA:114,10
DA:118,1
DA:119,1
DA:120,1
DA:121,4
DA:125,8
DA:128,1
DA:129,2
DA:131,2
DA:132,0
DA:134,2
DA:135,2
DA:137,2
DA:140,1
DA:141,4
DA:144,4
DA:145,4
DA:147,4
DA:148,16
DA:149,13
DA:151,3
DA:152,3
DA:153,11
DA:154,11
DA:159,4
DA:161,4
DA:178,1
DA:179,1
DA:181,1
DA:182,0
DA:184,1
DA:185,1
DA:187,1
DA:190,1
DA:191,1
DA:192,1
DA:193,4
DA:195,1
DA:198,1
DA:199,3
DA:200,3
DA:203,3
DA:204,2
DA:205,20
DA:207,2
DA:211,1
DA:212,1
DA:213,1
DA:214,1
DA:215,1
DA:218,1
DA:219,1
DA:220,4
DA:223,1
DA:227,1
DA:228,4
DA:229,4
DA:232,4
DA:233,0
DA:234,0
DA:236,0
DA:240,4
DA:241,0
DA:242,0
DA:243,0
DA:247,4
DA:248,40
DA:251,4
DA:252,4
DA:254,3
DA:255,12
DA:258,2
DA:261,1
DA:262,31
DA:272,1
DA:273,0
DA:276,1
DA:277,18
DA:283,1
DA:287,3
DA:289,3
DA:290,0
DA:293,3
DA:313,1
DA:314,16
DA:320,16
DA:326,16
DA:327,12
DA:328,21
DA:329,21
DA:333,4
DA:338,16
DA:339,28
DA:340,28
DA:341,20
DA:343,8
DA:344,2
DA:347,6
DA:352,16
DA:357,4
DA:362,1
DA:363,6
DA:364,6
DA:365,24
DA:366,24
DA:368,6
DA:371,1
DA:372,18
DA:378,1
DA:379,23
LF:173
LH:158
BRDA:10,1,0,27
BRDA:10,1,1,16
BRDA:11,2,0,27
BRDA:11,2,1,26
BRDA:15,3,0,16
BRDA:15,3,1,0
BRDA:17,4,0,16
BRDA:17,4,1,10
BRDA:18,5,0,16
BRDA:18,5,1,3
BRDA:20,6,0,0
BRDA:20,6,1,16
BRDA:23,7,0,0
BRDA:23,7,1,16
BRDA:31,8,0,16
BRDA:31,8,1,13
BRDA:46,9,0,26
BRDA:46,9,1,22
BRDA:49,10,0,13
BRDA:49,10,1,13
BRDA:55,11,0,13
BRDA:55,11,1,0
BRDA:69,12,0,2
BRDA:69,12,1,4
BRDA:76,13,0,3
BRDA:76,13,1,3
BRDA:83,14,0,33
BRDA:83,14,1,27
BRDA:101,15,0,7
BRDA:101,15,1,1
BRDA:105,16,0,0
BRDA:105,16,1,1
BRDA:131,17,0,0
BRDA:131,17,1,2
BRDA:148,18,0,13
BRDA:148,18,1,3
BRDA:163,19,0,2
BRDA:163,19,1,2
BRDA:166,20,0,2
BRDA:166,20,1,2
BRDA:172,21,0,2
BRDA:172,21,1,2
BRDA:181,22,0,0
BRDA:181,22,1,1
BRDA:203,23,0,2
BRDA:203,23,1,1
BRDA:213,24,0,1
BRDA:213,24,1,0
BRDA:232,25,0,0
BRDA:232,25,1,4
BRDA:234,26,0,0
BRDA:234,26,1,0
BRDA:240,27,0,0
BRDA:240,27,1,4
BRDA:248,28,0,0
BRDA:248,28,1,40
BRDA:252,29,0,1
BRDA:252,29,1,3
BRDA:252,30,0,4
BRDA:252,30,1,2
BRDA:255,31,0,1
BRDA:255,31,1,11
BRDA:262,32,0,31
BRDA:262,32,1,29
BRDA:262,32,2,20
BRDA:262,32,3,17
BRDA:262,32,4,16
BRDA:262,32,5,14
BRDA:262,32,6,14
BRDA:262,32,7,9
BRDA:262,32,8,8
BRDA:277,33,0,18
BRDA:277,33,1,14
BRDA:277,33,2,12
BRDA:277,33,3,10
BRDA:289,34,0,0
BRDA:289,34,1,3
BRDA:289,35,0,3
BRDA:289,35,1,1
BRDA:293,36,0,2
BRDA:293,36,1,1
BRDA:326,37,0,12
BRDA:326,37,1,4
BRDA:326,38,0,16
BRDA:326,38,1,15
BRDA:340,39,0,20
BRDA:340,39,1,8
BRDA:340,40,0,28
BRDA:340,40,1,13
BRDA:343,41,0,2
BRDA:343,41,1,6
BRDA:347,42,0,0
BRDA:347,42,1,6
BRDA:352,43,0,8
BRDA:352,43,1,8
BRDA:357,44,0,0
BRDA:357,44,1,4
BRDA:379,45,0,13
BRDA:379,45,1,10
BRF:99
BRH:83
end_of_record
